2019-10-10 15:06:10.095 [restartedMain] INFO  com.atguigu.springboot.ChartdiyApplication - Starting ChartdiyApplication on DESKTOP-JOE7MCK with PID 1088 (started by Rocky in D:\BaiduNetdiskDownload\源码、资料、课件\源码、资料、课件\代码\chartdiy)
2019-10-10 15:06:10.095 [restartedMain] INFO  com.atguigu.springboot.ChartdiyApplication - No active profile set, falling back to default profiles: default
2019-10-10 15:06:10.099 [restartedMain] INFO  o.s.b.c.e.AnnotationConfigEmbeddedWebApplicationContext - Refreshing org.springframework.boot.context.embedded.AnnotationConfigEmbeddedWebApplicationContext@52759ac7: startup date [Thu Oct 10 15:06:10 CST 2019]; root of context hierarchy
2019-10-10 15:06:11.295 [restartedMain] INFO  o.s.b.c.e.tomcat.TomcatEmbeddedServletContainer - Tomcat initialized with port(s): 8080 (http)
2019-10-10 15:06:11.295 [restartedMain] INFO  org.apache.catalina.core.StandardService - Starting service [Tomcat]
2019-10-10 15:06:11.295 [restartedMain] INFO  org.apache.catalina.core.StandardEngine - Starting Servlet Engine: Apache Tomcat/8.5.27
2019-10-10 15:06:11.444 [localhost-startStop-1] INFO  o.a.c.core.ContainerBase.[Tomcat].[localhost].[/] - Initializing Spring embedded WebApplicationContext
2019-10-10 15:06:11.446 [localhost-startStop-1] INFO  org.springframework.web.context.ContextLoader - Root WebApplicationContext: initialization completed in 1351 ms
2019-10-10 15:06:11.569 [localhost-startStop-1] INFO  o.s.boot.web.servlet.ServletRegistrationBean - Mapping servlet: 'statViewServlet' to [/druid/*]
2019-10-10 15:06:11.572 [localhost-startStop-1] INFO  o.s.boot.web.servlet.ServletRegistrationBean - Mapping servlet: 'dispatcherServlet' to [/]
2019-10-10 15:06:11.573 [localhost-startStop-1] INFO  o.s.boot.web.servlet.FilterRegistrationBean - Mapping filter: 'characterEncodingFilter' to: [/*]
2019-10-10 15:06:11.573 [localhost-startStop-1] INFO  o.s.boot.web.servlet.FilterRegistrationBean - Mapping filter: 'hiddenHttpMethodFilter' to: [/*]
2019-10-10 15:06:11.573 [localhost-startStop-1] INFO  o.s.boot.web.servlet.FilterRegistrationBean - Mapping filter: 'httpPutFormContentFilter' to: [/*]
2019-10-10 15:06:11.573 [localhost-startStop-1] INFO  o.s.boot.web.servlet.FilterRegistrationBean - Mapping filter: 'requestContextFilter' to: [/*]
2019-10-10 15:06:11.574 [localhost-startStop-1] INFO  o.s.boot.web.servlet.FilterRegistrationBean - Mapping filter: 'webStatFilter' to urls: [/*]
2019-10-10 15:06:11.959 [restartedMain] INFO  o.s.w.s.m.m.a.RequestMappingHandlerAdapter - Looking for @ControllerAdvice: org.springframework.boot.context.embedded.AnnotationConfigEmbeddedWebApplicationContext@52759ac7: startup date [Thu Oct 10 15:06:10 CST 2019]; root of context hierarchy
2019-10-10 15:06:11.978 [restartedMain] INFO  o.s.w.s.m.m.a.RequestMappingHandlerMapping - Mapped "{[/pullAgu],methods=[GET]}" onto public java.lang.String com.atguigu.springboot.controller.AguController.dopull()
2019-10-10 15:06:11.980 [restartedMain] INFO  o.s.w.s.m.m.a.RequestMappingHandlerMapping - Mapped "{[/emp/{id}],methods=[GET]}" onto public com.atguigu.springboot.bean.Employee com.atguigu.springboot.controller.DeptController.getEmp(java.lang.Integer)
2019-10-10 15:06:11.980 [restartedMain] INFO  o.s.w.s.m.m.a.RequestMappingHandlerMapping - Mapped "{[/dept],methods=[GET]}" onto public com.atguigu.springboot.bean.Department com.atguigu.springboot.controller.DeptController.insertDept(com.atguigu.springboot.bean.Department)
2019-10-10 15:06:11.982 [restartedMain] INFO  o.s.w.s.m.m.a.RequestMappingHandlerMapping - Mapped "{[/dept/{id}],methods=[GET]}" onto public com.atguigu.springboot.bean.Department com.atguigu.springboot.controller.DeptController.getDepartment(java.lang.Integer)
2019-10-10 15:06:11.984 [restartedMain] INFO  o.s.w.s.m.m.a.RequestMappingHandlerMapping - Mapped "{[/initEchars]}" onto public java.lang.String com.atguigu.springboot.controller.PersonController.initEchars(java.util.Map<java.lang.String, java.lang.Object>) throws java.text.ParseException
2019-10-10 15:06:11.985 [restartedMain] INFO  o.s.w.s.m.m.a.RequestMappingHandlerMapping - Mapped "{[/hello]}" onto public java.lang.String com.atguigu.springboot.controller.PersonController.hello()
2019-10-10 15:06:11.986 [restartedMain] INFO  o.s.w.s.m.m.a.RequestMappingHandlerMapping - Mapped "{[/myEcharts/{id}]}" onto public java.lang.String com.atguigu.springboot.controller.PersonController.myEcharts(java.lang.String)
2019-10-10 15:06:11.987 [restartedMain] INFO  o.s.w.s.m.m.a.RequestMappingHandlerMapping - Mapped "{[/toPerson],methods=[GET]}" onto public java.lang.String com.atguigu.springboot.controller.PersonController.toPerson()
2019-10-10 15:06:11.992 [restartedMain] INFO  o.s.w.s.m.m.a.RequestMappingHandlerMapping - Mapped "{[/invincibleData],methods=[POST]}" onto public com.atguigu.springboot.my.bean.MessageBean com.atguigu.springboot.my.controller.WeightController.invincibleData()
2019-10-10 15:06:11.993 [restartedMain] INFO  o.s.w.s.m.m.a.RequestMappingHandlerMapping - Mapped "{[/myEchartstwo]}" onto public org.springframework.web.servlet.ModelAndView com.atguigu.springboot.my.controller.WeightController.myEchartstwo(java.lang.String)
2019-10-10 15:06:11.995 [restartedMain] INFO  o.s.w.s.m.m.a.RequestMappingHandlerMapping - Mapped "{[/initEchars],methods=[POST]}" onto public com.atguigu.springboot.my.bean.MessageBean com.atguigu.springboot.my.controller.WeightController.initEchars()
2019-10-10 15:06:11.995 [restartedMain] INFO  o.s.w.s.m.m.a.RequestMappingHandlerMapping - Mapped "{[/wei],methods=[GET]}" onto public org.springframework.web.servlet.ModelAndView com.atguigu.springboot.my.controller.WeightController.myEcharts(org.springframework.ui.Model)
2019-10-10 15:06:12.000 [restartedMain] INFO  o.s.w.s.m.m.a.RequestMappingHandlerMapping - Mapped "{[/error]}" onto public org.springframework.http.ResponseEntity<java.util.Map<java.lang.String, java.lang.Object>> org.springframework.boot.autoconfigure.web.BasicErrorController.error(javax.servlet.http.HttpServletRequest)
2019-10-10 15:06:12.001 [restartedMain] INFO  o.s.w.s.m.m.a.RequestMappingHandlerMapping - Mapped "{[/error],produces=[text/html]}" onto public org.springframework.web.servlet.ModelAndView org.springframework.boot.autoconfigure.web.BasicErrorController.errorHtml(javax.servlet.http.HttpServletRequest,javax.servlet.http.HttpServletResponse)
2019-10-10 15:06:12.018 [restartedMain] INFO  o.s.web.servlet.handler.SimpleUrlHandlerMapping - Mapped URL path [/webjars/**] onto handler of type [class org.springframework.web.servlet.resource.ResourceHttpRequestHandler]
2019-10-10 15:06:12.019 [restartedMain] INFO  o.s.web.servlet.handler.SimpleUrlHandlerMapping - Mapped URL path [/**] onto handler of type [class org.springframework.web.servlet.resource.ResourceHttpRequestHandler]
2019-10-10 15:06:12.050 [restartedMain] INFO  o.s.web.servlet.handler.SimpleUrlHandlerMapping - Mapped URL path [/**/favicon.ico] onto handler of type [class org.springframework.web.servlet.resource.ResourceHttpRequestHandler]
2019-10-10 15:06:12.090 [restartedMain] WARN  org.thymeleaf.templatemode.TemplateMode - [THYMELEAF][restartedMain] Template Mode 'HTML5' is deprecated. Using Template Mode 'HTML' instead.
2019-10-10 15:06:12.209 [restartedMain] INFO  o.s.b.d.autoconfigure.OptionalLiveReloadServer - LiveReload server is running on port 35729
2019-10-10 15:06:12.290 [restartedMain] INFO  o.s.jmx.export.annotation.AnnotationMBeanExporter - Registering beans for JMX exposure on startup
2019-10-10 15:06:12.290 [restartedMain] INFO  o.s.jmx.export.annotation.AnnotationMBeanExporter - Bean with name 'druid' has been autodetected for JMX exposure
2019-10-10 15:06:12.296 [restartedMain] INFO  o.s.jmx.export.annotation.AnnotationMBeanExporter - Located MBean 'druid': registering with JMX server as MBean [com.alibaba.druid.pool:name=druid,type=DruidDataSource]
2019-10-10 15:06:12.324 [restartedMain] INFO  o.s.b.c.e.tomcat.TomcatEmbeddedServletContainer - Tomcat started on port(s): 8080 (http)
2019-10-10 15:06:12.330 [restartedMain] INFO  com.atguigu.springboot.ChartdiyApplication - Started ChartdiyApplication in 2.345 seconds (JVM running for 303.679)
2019-10-10 15:06:28.306 [Thread-27] INFO  o.s.b.c.e.AnnotationConfigEmbeddedWebApplicationContext - Closing org.springframework.boot.context.embedded.AnnotationConfigEmbeddedWebApplicationContext@52759ac7: startup date [Thu Oct 10 15:06:10 CST 2019]; root of context hierarchy
2019-10-10 15:06:28.307 [Thread-27] INFO  o.s.jmx.export.annotation.AnnotationMBeanExporter - Unregistering JMX-exposed beans on shutdown
2019-10-10 15:06:28.307 [Thread-27] INFO  o.s.jmx.export.annotation.AnnotationMBeanExporter - Unregistering JMX-exposed beans
2019-10-10 15:06:29.798 [restartedMain] INFO  com.atguigu.springboot.ChartdiyApplication - Starting ChartdiyApplication on DESKTOP-JOE7MCK with PID 1088 (started by Rocky in D:\BaiduNetdiskDownload\源码、资料、课件\源码、资料、课件\代码\chartdiy)
2019-10-10 15:06:29.798 [restartedMain] INFO  com.atguigu.springboot.ChartdiyApplication - No active profile set, falling back to default profiles: default
2019-10-10 15:06:29.802 [restartedMain] INFO  o.s.b.c.e.AnnotationConfigEmbeddedWebApplicationContext - Refreshing org.springframework.boot.context.embedded.AnnotationConfigEmbeddedWebApplicationContext@536918c: startup date [Thu Oct 10 15:06:29 CST 2019]; root of context hierarchy
2019-10-10 15:06:30.855 [restartedMain] INFO  o.s.b.c.e.tomcat.TomcatEmbeddedServletContainer - Tomcat initialized with port(s): 8080 (http)
2019-10-10 15:06:30.858 [restartedMain] INFO  org.apache.catalina.core.StandardService - Starting service [Tomcat]
2019-10-10 15:06:30.858 [restartedMain] INFO  org.apache.catalina.core.StandardEngine - Starting Servlet Engine: Apache Tomcat/8.5.27
2019-10-10 15:06:30.996 [localhost-startStop-1] INFO  o.a.c.core.ContainerBase.[Tomcat].[localhost].[/] - Initializing Spring embedded WebApplicationContext
2019-10-10 15:06:31.000 [localhost-startStop-1] INFO  org.springframework.web.context.ContextLoader - Root WebApplicationContext: initialization completed in 1198 ms
2019-10-10 15:06:31.112 [localhost-startStop-1] INFO  o.s.boot.web.servlet.ServletRegistrationBean - Mapping servlet: 'statViewServlet' to [/druid/*]
2019-10-10 15:06:31.113 [localhost-startStop-1] INFO  o.s.boot.web.servlet.ServletRegistrationBean - Mapping servlet: 'dispatcherServlet' to [/]
2019-10-10 15:06:31.113 [localhost-startStop-1] INFO  o.s.boot.web.servlet.FilterRegistrationBean - Mapping filter: 'characterEncodingFilter' to: [/*]
2019-10-10 15:06:31.113 [localhost-startStop-1] INFO  o.s.boot.web.servlet.FilterRegistrationBean - Mapping filter: 'hiddenHttpMethodFilter' to: [/*]
2019-10-10 15:06:31.113 [localhost-startStop-1] INFO  o.s.boot.web.servlet.FilterRegistrationBean - Mapping filter: 'httpPutFormContentFilter' to: [/*]
2019-10-10 15:06:31.114 [localhost-startStop-1] INFO  o.s.boot.web.servlet.FilterRegistrationBean - Mapping filter: 'requestContextFilter' to: [/*]
2019-10-10 15:06:31.114 [localhost-startStop-1] INFO  o.s.boot.web.servlet.FilterRegistrationBean - Mapping filter: 'webStatFilter' to urls: [/*]
2019-10-10 15:06:31.678 [restartedMain] INFO  o.s.w.s.m.m.a.RequestMappingHandlerAdapter - Looking for @ControllerAdvice: org.springframework.boot.context.embedded.AnnotationConfigEmbeddedWebApplicationContext@536918c: startup date [Thu Oct 10 15:06:29 CST 2019]; root of context hierarchy
2019-10-10 15:06:31.690 [restartedMain] INFO  o.s.w.s.m.m.a.RequestMappingHandlerMapping - Mapped "{[/pullAgu],methods=[GET]}" onto public java.lang.String com.atguigu.springboot.controller.AguController.dopull()
2019-10-10 15:06:31.694 [restartedMain] INFO  o.s.w.s.m.m.a.RequestMappingHandlerMapping - Mapped "{[/emp/{id}],methods=[GET]}" onto public com.atguigu.springboot.bean.Employee com.atguigu.springboot.controller.DeptController.getEmp(java.lang.Integer)
2019-10-10 15:06:31.697 [restartedMain] INFO  o.s.w.s.m.m.a.RequestMappingHandlerMapping - Mapped "{[/dept],methods=[GET]}" onto public com.atguigu.springboot.bean.Department com.atguigu.springboot.controller.DeptController.insertDept(com.atguigu.springboot.bean.Department)
2019-10-10 15:06:31.697 [restartedMain] INFO  o.s.w.s.m.m.a.RequestMappingHandlerMapping - Mapped "{[/dept/{id}],methods=[GET]}" onto public com.atguigu.springboot.bean.Department com.atguigu.springboot.controller.DeptController.getDepartment(java.lang.Integer)
2019-10-10 15:06:31.699 [restartedMain] INFO  o.s.w.s.m.m.a.RequestMappingHandlerMapping - Mapped "{[/initEchars]}" onto public java.lang.String com.atguigu.springboot.controller.PersonController.initEchars(java.util.Map<java.lang.String, java.lang.Object>) throws java.text.ParseException
2019-10-10 15:06:31.699 [restartedMain] INFO  o.s.w.s.m.m.a.RequestMappingHandlerMapping - Mapped "{[/hello]}" onto public java.lang.String com.atguigu.springboot.controller.PersonController.hello()
2019-10-10 15:06:31.699 [restartedMain] INFO  o.s.w.s.m.m.a.RequestMappingHandlerMapping - Mapped "{[/myEcharts/{id}]}" onto public java.lang.String com.atguigu.springboot.controller.PersonController.myEcharts(java.lang.String)
2019-10-10 15:06:31.699 [restartedMain] INFO  o.s.w.s.m.m.a.RequestMappingHandlerMapping - Mapped "{[/toPerson],methods=[GET]}" onto public java.lang.String com.atguigu.springboot.controller.PersonController.toPerson()
2019-10-10 15:06:31.699 [restartedMain] INFO  o.s.w.s.m.m.a.RequestMappingHandlerMapping - Mapped "{[/invincibleData],methods=[POST]}" onto public com.atguigu.springboot.my.bean.MessageBean com.atguigu.springboot.my.controller.WeightController.invincibleData()
2019-10-10 15:06:31.703 [restartedMain] INFO  o.s.w.s.m.m.a.RequestMappingHandlerMapping - Mapped "{[/myEchartstwo]}" onto public org.springframework.web.servlet.ModelAndView com.atguigu.springboot.my.controller.WeightController.myEchartstwo(java.lang.String)
2019-10-10 15:06:31.703 [restartedMain] INFO  o.s.w.s.m.m.a.RequestMappingHandlerMapping - Mapped "{[/initEchars],methods=[POST]}" onto public com.atguigu.springboot.my.bean.MessageBean com.atguigu.springboot.my.controller.WeightController.initEchars()
2019-10-10 15:06:31.703 [restartedMain] INFO  o.s.w.s.m.m.a.RequestMappingHandlerMapping - Mapped "{[/wei],methods=[GET]}" onto public org.springframework.web.servlet.ModelAndView com.atguigu.springboot.my.controller.WeightController.myEcharts(org.springframework.ui.Model)
2019-10-10 15:06:31.703 [restartedMain] INFO  o.s.w.s.m.m.a.RequestMappingHandlerMapping - Mapped "{[/error]}" onto public org.springframework.http.ResponseEntity<java.util.Map<java.lang.String, java.lang.Object>> org.springframework.boot.autoconfigure.web.BasicErrorController.error(javax.servlet.http.HttpServletRequest)
2019-10-10 15:06:31.703 [restartedMain] INFO  o.s.w.s.m.m.a.RequestMappingHandlerMapping - Mapped "{[/error],produces=[text/html]}" onto public org.springframework.web.servlet.ModelAndView org.springframework.boot.autoconfigure.web.BasicErrorController.errorHtml(javax.servlet.http.HttpServletRequest,javax.servlet.http.HttpServletResponse)
2019-10-10 15:06:31.715 [restartedMain] INFO  o.s.web.servlet.handler.SimpleUrlHandlerMapping - Mapped URL path [/webjars/**] onto handler of type [class org.springframework.web.servlet.resource.ResourceHttpRequestHandler]
2019-10-10 15:06:31.715 [restartedMain] INFO  o.s.web.servlet.handler.SimpleUrlHandlerMapping - Mapped URL path [/**] onto handler of type [class org.springframework.web.servlet.resource.ResourceHttpRequestHandler]
2019-10-10 15:06:31.733 [restartedMain] INFO  o.s.web.servlet.handler.SimpleUrlHandlerMapping - Mapped URL path [/**/favicon.ico] onto handler of type [class org.springframework.web.servlet.resource.ResourceHttpRequestHandler]
2019-10-10 15:06:31.756 [restartedMain] WARN  org.thymeleaf.templatemode.TemplateMode - [THYMELEAF][restartedMain] Template Mode 'HTML5' is deprecated. Using Template Mode 'HTML' instead.
2019-10-10 15:06:31.844 [restartedMain] INFO  o.s.b.d.autoconfigure.OptionalLiveReloadServer - LiveReload server is running on port 35729
2019-10-10 15:06:31.919 [restartedMain] INFO  o.s.jmx.export.annotation.AnnotationMBeanExporter - Registering beans for JMX exposure on startup
2019-10-10 15:06:31.919 [restartedMain] INFO  o.s.jmx.export.annotation.AnnotationMBeanExporter - Bean with name 'druid' has been autodetected for JMX exposure
2019-10-10 15:06:31.926 [restartedMain] INFO  o.s.jmx.export.annotation.AnnotationMBeanExporter - Located MBean 'druid': registering with JMX server as MBean [com.alibaba.druid.pool:name=druid,type=DruidDataSource]
2019-10-10 15:06:31.949 [restartedMain] INFO  o.s.b.c.e.tomcat.TomcatEmbeddedServletContainer - Tomcat started on port(s): 8080 (http)
2019-10-10 15:06:31.950 [restartedMain] INFO  com.atguigu.springboot.ChartdiyApplication - Started ChartdiyApplication in 2.277 seconds (JVM running for 323.299)
2019-10-10 15:09:37.156 [Thread-33] INFO  o.s.b.c.e.AnnotationConfigEmbeddedWebApplicationContext - Closing org.springframework.boot.context.embedded.AnnotationConfigEmbeddedWebApplicationContext@536918c: startup date [Thu Oct 10 15:06:29 CST 2019]; root of context hierarchy
2019-10-10 15:09:37.157 [Thread-33] INFO  o.s.jmx.export.annotation.AnnotationMBeanExporter - Unregistering JMX-exposed beans on shutdown
2019-10-10 15:09:37.158 [Thread-33] INFO  o.s.jmx.export.annotation.AnnotationMBeanExporter - Unregistering JMX-exposed beans
2019-10-10 15:09:37.890 [restartedMain] INFO  com.atguigu.springboot.ChartdiyApplication - Starting ChartdiyApplication on DESKTOP-JOE7MCK with PID 1088 (started by Rocky in D:\BaiduNetdiskDownload\源码、资料、课件\源码、资料、课件\代码\chartdiy)
2019-10-10 15:09:37.892 [restartedMain] INFO  com.atguigu.springboot.ChartdiyApplication - No active profile set, falling back to default profiles: default
2019-10-10 15:09:37.893 [restartedMain] INFO  o.s.b.c.e.AnnotationConfigEmbeddedWebApplicationContext - Refreshing org.springframework.boot.context.embedded.AnnotationConfigEmbeddedWebApplicationContext@3caa58bb: startup date [Thu Oct 10 15:09:37 CST 2019]; root of context hierarchy
2019-10-10 15:09:38.853 [restartedMain] INFO  o.s.b.c.e.tomcat.TomcatEmbeddedServletContainer - Tomcat initialized with port(s): 8080 (http)
2019-10-10 15:09:38.853 [restartedMain] INFO  org.apache.catalina.core.StandardService - Starting service [Tomcat]
2019-10-10 15:09:38.853 [restartedMain] INFO  org.apache.catalina.core.StandardEngine - Starting Servlet Engine: Apache Tomcat/8.5.27
2019-10-10 15:09:38.993 [localhost-startStop-1] INFO  o.a.c.core.ContainerBase.[Tomcat].[localhost].[/] - Initializing Spring embedded WebApplicationContext
2019-10-10 15:09:38.994 [localhost-startStop-1] INFO  org.springframework.web.context.ContextLoader - Root WebApplicationContext: initialization completed in 1101 ms
2019-10-10 15:09:39.100 [localhost-startStop-1] INFO  o.s.boot.web.servlet.ServletRegistrationBean - Mapping servlet: 'statViewServlet' to [/druid/*]
2019-10-10 15:09:39.100 [localhost-startStop-1] INFO  o.s.boot.web.servlet.ServletRegistrationBean - Mapping servlet: 'dispatcherServlet' to [/]
2019-10-10 15:09:39.100 [localhost-startStop-1] INFO  o.s.boot.web.servlet.FilterRegistrationBean - Mapping filter: 'characterEncodingFilter' to: [/*]
2019-10-10 15:09:39.100 [localhost-startStop-1] INFO  o.s.boot.web.servlet.FilterRegistrationBean - Mapping filter: 'hiddenHttpMethodFilter' to: [/*]
2019-10-10 15:09:39.100 [localhost-startStop-1] INFO  o.s.boot.web.servlet.FilterRegistrationBean - Mapping filter: 'httpPutFormContentFilter' to: [/*]
2019-10-10 15:09:39.100 [localhost-startStop-1] INFO  o.s.boot.web.servlet.FilterRegistrationBean - Mapping filter: 'requestContextFilter' to: [/*]
2019-10-10 15:09:39.100 [localhost-startStop-1] INFO  o.s.boot.web.servlet.FilterRegistrationBean - Mapping filter: 'webStatFilter' to urls: [/*]
2019-10-10 15:09:39.641 [restartedMain] INFO  o.s.w.s.m.m.a.RequestMappingHandlerAdapter - Looking for @ControllerAdvice: org.springframework.boot.context.embedded.AnnotationConfigEmbeddedWebApplicationContext@3caa58bb: startup date [Thu Oct 10 15:09:37 CST 2019]; root of context hierarchy
2019-10-10 15:09:39.654 [restartedMain] INFO  o.s.w.s.m.m.a.RequestMappingHandlerMapping - Mapped "{[/pullAgu],methods=[GET]}" onto public java.lang.String com.atguigu.springboot.controller.AguController.dopull()
2019-10-10 15:09:39.660 [restartedMain] INFO  o.s.w.s.m.m.a.RequestMappingHandlerMapping - Mapped "{[/emp/{id}],methods=[GET]}" onto public com.atguigu.springboot.bean.Employee com.atguigu.springboot.controller.DeptController.getEmp(java.lang.Integer)
2019-10-10 15:09:39.661 [restartedMain] INFO  o.s.w.s.m.m.a.RequestMappingHandlerMapping - Mapped "{[/dept],methods=[GET]}" onto public com.atguigu.springboot.bean.Department com.atguigu.springboot.controller.DeptController.insertDept(com.atguigu.springboot.bean.Department)
2019-10-10 15:09:39.661 [restartedMain] INFO  o.s.w.s.m.m.a.RequestMappingHandlerMapping - Mapped "{[/dept/{id}],methods=[GET]}" onto public com.atguigu.springboot.bean.Department com.atguigu.springboot.controller.DeptController.getDepartment(java.lang.Integer)
2019-10-10 15:09:39.661 [restartedMain] INFO  o.s.w.s.m.m.a.RequestMappingHandlerMapping - Mapped "{[/initEchars]}" onto public java.lang.String com.atguigu.springboot.controller.PersonController.initEchars(java.util.Map<java.lang.String, java.lang.Object>) throws java.text.ParseException
2019-10-10 15:09:39.661 [restartedMain] INFO  o.s.w.s.m.m.a.RequestMappingHandlerMapping - Mapped "{[/hello]}" onto public java.lang.String com.atguigu.springboot.controller.PersonController.hello()
2019-10-10 15:09:39.661 [restartedMain] INFO  o.s.w.s.m.m.a.RequestMappingHandlerMapping - Mapped "{[/myEcharts/{id}]}" onto public java.lang.String com.atguigu.springboot.controller.PersonController.myEcharts(java.lang.String)
2019-10-10 15:09:39.661 [restartedMain] INFO  o.s.w.s.m.m.a.RequestMappingHandlerMapping - Mapped "{[/toPerson],methods=[GET]}" onto public java.lang.String com.atguigu.springboot.controller.PersonController.toPerson()
2019-10-10 15:09:39.668 [restartedMain] INFO  o.s.w.s.m.m.a.RequestMappingHandlerMapping - Mapped "{[/invincibleData],methods=[POST]}" onto public com.atguigu.springboot.my.bean.MessageBean com.atguigu.springboot.my.controller.WeightController.invincibleData()
2019-10-10 15:09:39.669 [restartedMain] INFO  o.s.w.s.m.m.a.RequestMappingHandlerMapping - Mapped "{[/myEchartstwo]}" onto public org.springframework.web.servlet.ModelAndView com.atguigu.springboot.my.controller.WeightController.myEchartstwo(java.lang.String)
2019-10-10 15:09:39.670 [restartedMain] INFO  o.s.w.s.m.m.a.RequestMappingHandlerMapping - Mapped "{[/initEchars],methods=[POST]}" onto public com.atguigu.springboot.my.bean.MessageBean com.atguigu.springboot.my.controller.WeightController.initEchars()
2019-10-10 15:09:39.671 [restartedMain] INFO  o.s.w.s.m.m.a.RequestMappingHandlerMapping - Mapped "{[/wei],methods=[GET]}" onto public org.springframework.web.servlet.ModelAndView com.atguigu.springboot.my.controller.WeightController.myEcharts(org.springframework.ui.Model)
2019-10-10 15:09:39.675 [restartedMain] INFO  o.s.w.s.m.m.a.RequestMappingHandlerMapping - Mapped "{[/error]}" onto public org.springframework.http.ResponseEntity<java.util.Map<java.lang.String, java.lang.Object>> org.springframework.boot.autoconfigure.web.BasicErrorController.error(javax.servlet.http.HttpServletRequest)
2019-10-10 15:09:39.675 [restartedMain] INFO  o.s.w.s.m.m.a.RequestMappingHandlerMapping - Mapped "{[/error],produces=[text/html]}" onto public org.springframework.web.servlet.ModelAndView org.springframework.boot.autoconfigure.web.BasicErrorController.errorHtml(javax.servlet.http.HttpServletRequest,javax.servlet.http.HttpServletResponse)
2019-10-10 15:09:39.697 [restartedMain] INFO  o.s.web.servlet.handler.SimpleUrlHandlerMapping - Mapped URL path [/webjars/**] onto handler of type [class org.springframework.web.servlet.resource.ResourceHttpRequestHandler]
2019-10-10 15:09:39.697 [restartedMain] INFO  o.s.web.servlet.handler.SimpleUrlHandlerMapping - Mapped URL path [/**] onto handler of type [class org.springframework.web.servlet.resource.ResourceHttpRequestHandler]
2019-10-10 15:09:39.715 [restartedMain] INFO  o.s.web.servlet.handler.SimpleUrlHandlerMapping - Mapped URL path [/**/favicon.ico] onto handler of type [class org.springframework.web.servlet.resource.ResourceHttpRequestHandler]
2019-10-10 15:09:39.737 [restartedMain] WARN  org.thymeleaf.templatemode.TemplateMode - [THYMELEAF][restartedMain] Template Mode 'HTML5' is deprecated. Using Template Mode 'HTML' instead.
2019-10-10 15:09:39.828 [restartedMain] INFO  o.s.b.d.autoconfigure.OptionalLiveReloadServer - LiveReload server is running on port 35729
2019-10-10 15:09:39.900 [restartedMain] INFO  o.s.jmx.export.annotation.AnnotationMBeanExporter - Registering beans for JMX exposure on startup
2019-10-10 15:09:39.900 [restartedMain] INFO  o.s.jmx.export.annotation.AnnotationMBeanExporter - Bean with name 'druid' has been autodetected for JMX exposure
2019-10-10 15:09:39.904 [restartedMain] INFO  o.s.jmx.export.annotation.AnnotationMBeanExporter - Located MBean 'druid': registering with JMX server as MBean [com.alibaba.druid.pool:name=druid,type=DruidDataSource]
2019-10-10 15:09:39.926 [restartedMain] INFO  o.s.b.c.e.tomcat.TomcatEmbeddedServletContainer - Tomcat started on port(s): 8080 (http)
2019-10-10 15:09:39.926 [restartedMain] INFO  com.atguigu.springboot.ChartdiyApplication - Started ChartdiyApplication in 2.082 seconds (JVM running for 511.252)
